<?xml version="1.0" encoding="UTF-8"?>
<!-- Generated by org.testng.reporters.JUnitReportReporter -->
<testsuite hostname="DESKTOP-MKQHVKG" failures="0" tests="1" name="SponsoredProduct_test.PostApi" time="2.972" errors="0" timestamp="2024-10-24T23:53:14 IST" skipped="0">
  <testcase classname="SponsoredProduct_test.PostApi" name="PostTest" time="2.972"/>
  <system-out/>
</testsuite> <!-- SponsoredProduct_test.PostApi -->
