<?xml version="1.0" encoding="UTF-8"?>
<!-- Generated by org.testng.reporters.JUnitReportReporter -->
<testsuite hostname="DESKTOP-MKQHVKG" failures="0" tests="1" name="SponsoredProduct_test.Create_Campaigns_AutoTargetting" time="2.637" errors="0" timestamp="2024-10-24T23:45:57 IST" skipped="0">
  <testcase classname="SponsoredProduct_test.Create_Campaigns_AutoTargetting" name="PostTest" time="2.637"/>
  <system-out/>
</testsuite> <!-- SponsoredProduct_test.Create_Campaigns_AutoTargetting -->
